DEBUG:root:csv_file_uploaded is False. Skipping cleanse()
DEBUG:root:csv_file_uploaded is False. Skipping cleanse()
DEBUG:multipart.multipart:Calling on_part_begin with no data
DEBUG:multipart.multipart:Calling on_header_field with data[42:61]
DEBUG:multipart.multipart:Calling on_header_value with data[63:106]
DEBUG:multipart.multipart:Calling on_header_end with no data
DEBUG:multipart.multipart:Calling on_header_field with data[108:120]
DEBUG:multipart.multipart:Calling on_header_value with data[122:130]
DEBUG:multipart.multipart:Calling on_header_end with no data
DEBUG:multipart.multipart:Calling on_headers_finished with no data
DEBUG:multipart.multipart:Calling on_part_data with data[134:1296]
DEBUG:multipart.multipart:Calling on_part_data with data[0:3]
DEBUG:multipart.multipart:Calling on_part_data with data[1299:8863]
DEBUG:multipart.multipart:Calling on_part_end with no data
DEBUG:multipart.multipart:Calling on_end with no data
DEBUG:root:csv_file_uploaded is False. Skipping cleanse()
DEBUG:root:csv_file_uploaded is False. Skipping cleanse()
DEBUG:root:csv_file_uploaded is False. Skipping cleanse()
DEBUG:root:csv_file_uploaded is False. Skipping cleanse()
DEBUG:root:csv_file_uploaded is False. Skipping cleanse()
DEBUG:root:csv_file_uploaded is False. Skipping cleanse()
DEBUG:root:csv_file_uploaded is False. Skipping cleanse()
DEBUG:root:csv_file_uploaded is False. Skipping cleanse()
DEBUG:root:csv_file_uploaded is False. Skipping cleanse()
DEBUG:root:csv_file_uploaded is False. Skipping cleanse()
DEBUG:root:csv_file_uploaded is False. Skipping cleanse()
DEBUG:root:csv_file_uploaded is False. Skipping cleanse()
DEBUG:root:csv_file_uploaded is False. Skipping cleanse()
DEBUG:root:csv_file_uploaded is False. Skipping cleanse()
DEBUG:root:csv_file_uploaded is False. Skipping cleanse()
DEBUG:root:csv_file_uploaded is False. Skipping cleanse()
DEBUG:root:csv_file_uploaded is False. Skipping cleanse()
DEBUG:root:csv_file_uploaded is False. Skipping cleanse()
DEBUG:root:csv_file_uploaded is False. Skipping cleanse()
DEBUG:root:csv_file_uploaded is False. Skipping cleanse()
DEBUG:root:csv_file_uploaded is False. Skipping cleanse()
DEBUG:root:csv_file_uploaded is False. Skipping cleanse()
DEBUG:root:csv_file_uploaded is False. Skipping cleanse()
DEBUG:root:csv_file_uploaded is False. Skipping cleanse()
DEBUG:root:csv_file_uploaded is False. Skipping cleanse()
DEBUG:root:csv_file_uploaded is False. Skipping cleanse()
DEBUG:root:csv_file_uploaded is False. Skipping cleanse()
DEBUG:root:csv_file_uploaded is False. Skipping cleanse()
DEBUG:root:csv_file_uploaded is False. Skipping cleanse()
DEBUG:root:csv_file_uploaded is False. Skipping cleanse()
DEBUG:root:csv_file_uploaded is False. Skipping cleanse()
DEBUG:root:csv_file_uploaded is False. Skipping cleanse()
DEBUG:root:csv_file_uploaded is False. Skipping cleanse()
DEBUG:root:csv_file_uploaded is False. Skipping cleanse()
DEBUG:root:csv_file_uploaded is False. Skipping cleanse()
DEBUG:root:csv_file_uploaded is False. Skipping cleanse()
DEBUG:root:csv_file_uploaded is False. Skipping cleanse()
DEBUG:root:csv_file_uploaded is False. Skipping cleanse()
DEBUG:root:csv_file_uploaded is False. Skipping cleanse()
DEBUG:root:csv_file_uploaded is False. Skipping cleanse()
DEBUG:root:csv_file_uploaded is False. Skipping cleanse()
DEBUG:root:csv_file_uploaded is False. Skipping cleanse()
DEBUG:root:csv_file_uploaded is False. Skipping cleanse()
DEBUG:root:csv_file_uploaded is False. Skipping cleanse()
DEBUG:root:csv_file_uploaded is False. Skipping cleanse()
DEBUG:root:csv_file_uploaded is False. Skipping cleanse()
DEBUG:root:csv_file_uploaded is False. Skipping cleanse()
DEBUG:root:csv_file_uploaded is False. Skipping cleanse()
DEBUG:root:csv_file_uploaded is False. Skipping cleanse()
DEBUG:root:csv_file_uploaded is False. Skipping cleanse()
DEBUG:root:csv_file_uploaded is False. Skipping cleanse()
DEBUG:multipart.multipart:Calling on_part_begin with no data
DEBUG:multipart.multipart:Calling on_header_field with data[42:61]
DEBUG:multipart.multipart:Calling on_header_value with data[63:114]
DEBUG:multipart.multipart:Calling on_header_end with no data
DEBUG:multipart.multipart:Calling on_header_field with data[116:128]
DEBUG:multipart.multipart:Calling on_header_value with data[130:138]
DEBUG:multipart.multipart:Calling on_header_end with no data
DEBUG:multipart.multipart:Calling on_headers_finished with no data
DEBUG:multipart.multipart:Calling on_part_data with data[142:3302]
DEBUG:multipart.multipart:Calling on_part_end with no data
DEBUG:multipart.multipart:Calling on_end with no data
DEBUG:multipart.multipart:Calling on_part_begin with no data
DEBUG:multipart.multipart:Calling on_header_field with data[42:61]
DEBUG:multipart.multipart:Calling on_header_value with data[63:106]
DEBUG:multipart.multipart:Calling on_header_end with no data
DEBUG:multipart.multipart:Calling on_header_field with data[108:120]
DEBUG:multipart.multipart:Calling on_header_value with data[122:130]
DEBUG:multipart.multipart:Calling on_header_end with no data
DEBUG:multipart.multipart:Calling on_headers_finished with no data
DEBUG:multipart.multipart:Calling on_part_data with data[134:1296]
DEBUG:multipart.multipart:Calling on_part_data with data[0:3]
DEBUG:multipart.multipart:Calling on_part_data with data[1299:8863]
DEBUG:multipart.multipart:Calling on_part_end with no data
DEBUG:multipart.multipart:Calling on_end with no data
DEBUG:multipart.multipart:Calling on_part_begin with no data
DEBUG:multipart.multipart:Calling on_header_field with data[42:61]
DEBUG:multipart.multipart:Calling on_header_value with data[63:114]
DEBUG:multipart.multipart:Calling on_header_end with no data
DEBUG:multipart.multipart:Calling on_header_field with data[116:128]
DEBUG:multipart.multipart:Calling on_header_value with data[130:138]
DEBUG:multipart.multipart:Calling on_header_end with no data
DEBUG:multipart.multipart:Calling on_headers_finished with no data
DEBUG:multipart.multipart:Calling on_part_data with data[142:3302]
DEBUG:multipart.multipart:Calling on_part_end with no data
DEBUG:multipart.multipart:Calling on_end with no data
